0 verbose cli C:\Program Files\nodejs\node.exe C:\Program Files\nodejs\node_modules\npm\bin\npm-cli.js
1 info using npm@10.8.2
2 info using node@v18.20.8
3 silly config load:file:C:\Program Files\nodejs\node_modules\npm\npmrc
4 silly config load:file:D:\SP Enterprises Website\.npmrc
5 silly config load:file:C:\Users\Admin\.npmrc
6 silly config load:file:D:\SP Enterprises Website\.npm-global\etc\npmrc
7 verbose title npm exec vercel login
8 verbose argv "exec" "--yes" "--" "vercel" "login"
9 verbose logfile logs-max:10 dir:D:\SP Enterprises Website\.npm-cache\_logs\2026-04-16T04_11_45_623Z-
10 verbose logfile D:\SP Enterprises Website\.npm-cache\_logs\2026-04-16T04_11_45_623Z-debug-0.log
11 silly logfile done cleaning log files
12 silly packumentCache heap:2197815296 maxSize:549453824 maxEntrySize:274726912
13 http fetch GET 200 https://registry.npmjs.org/npm 348ms
14 http fetch GET 200 https://registry.npmjs.org/vercel 353ms (cache miss)
15 silly packumentCache heap:2197815296 maxSize:549453824 maxEntrySize:274726912
16 verbose stack Error: ENOENT: no such file or directory, lstat 'D:\SP Enterprises Website\.npm-global'
17 error code ENOENT
18 error syscall lstat
19 error path D:\SP Enterprises Website\.npm-global
20 error errno -4058
21 error enoent ENOENT: no such file or directory, lstat 'D:\SP Enterprises Website\.npm-global'
22 error enoent This is related to npm not being able to find a file.
22 error enoent
23 verbose cwd D:\SP Enterprises Website
24 verbose os Windows_NT 10.0.26200
25 verbose node v18.20.8
26 verbose npm  v10.8.2
27 notice
27 notice New [31mmajor[39m version of npm available! [31m10.8.2[39m -> [34m11.12.1[39m
27 notice Changelog: [34mhttps://github.com/npm/cli/releases/tag/v11.12.1[39m
27 notice To update run: [4mnpm install -g npm@11.12.1[24m
27 notice  { force: true, [Symbol(proc-log.meta)]: true }
28 verbose exit -4058
29 verbose code -4058
30 error A complete log of this run can be found in: D:\SP Enterprises Website\.npm-cache\_logs\2026-04-16T04_11_45_623Z-debug-0.log
